<?xml version="1.0" encoding="UTF-8"?>
<!-- Generated by org.testng.reporters.JUnitReportReporter -->
<testsuite skipped="0" hostname="CO-IT00463" name="com.training.automation.test.DotcomTests" tests="1" failures="0" timestamp="16 ene 2019 16:24:45 GMT" time="3.419" errors="0">
  <testcase name="testWikiHome" time="3.419" classname="com.training.automation.test.DotcomTests"/>
</testsuite> <!-- com.training.automation.test.DotcomTests -->
