<?xml version="1.0" encoding="UTF-8"?>
<!-- Generated by org.testng.reporters.JUnitReportReporter -->
<testsuite skipped="0" hostname="CO-IT00463" name="com.training.automation.test.WikiTests" tests="1" failures="0" timestamp="22 nov 2018 15:39:41 GMT" time="0.006" errors="0">
  <testcase name="testWikiHome" time="0.006" classname="com.training.automation.test.WikiTests"/>
</testsuite> <!-- com.training.automation.test.WikiTests -->
